[New LWP 30997]
Core was generated by `'.
Program terminated with signal SIGXCPU, CPU time limit exceeded.
#0  0x000000000010b207 in ?? ()
#0  0x000000000010b207 in ?? ()
#1  0x0000001fff000840 in ?? ()
#2  0x0000001fff0008e0 in ?? ()
#3  0x00001f3dffffffff in ?? ()
#4  0x0000066d00000299 in ?? ()
#5  0x000000000010a830 in ?? ()
#6  0x0000000000109510 in ?? ()
#7  0x0000001fff000920 in ?? ()
#8  0x0000000000109f56 in ?? ()
#9  0x00002710000003a4 in ?? ()
#10 0x0000271000002710 in ?? ()
#11 0x0000271000002710 in ?? ()
#12 0x0000271000002710 in ?? ()
#13 0x0000271000002710 in ?? ()
#14 0x0000000b00002710 in ?? ()
#15 0x0000000000941224 in ?? ()
#16 0x00000000006d8c7f in ?? ()
#17 0x000000000030dbb0 in ?? ()
#18 0x0000000005dbba70 in ?? ()
#19 0x0000000100003200 in ?? ()
#20 0x0000000000000001 in ?? ()
#21 0x000000000030db68 in ?? ()
#22 0x0000000005da0830 in ?? ()
#23 0x0000000000000001 in ?? ()
#24 0x000000000010a11f in ?? ()
#25 0x0000000005d90010 in ?? ()
#26 0x0000000005d99c50 in ?? ()
#27 0x0000000005da0010 in ?? ()
#28 0x000000000010a135 in ?? ()
#29 0x000000000030db20 in ?? ()
#30 0x0000236c00003e80 in ?? ()
#31 0x0000000005ed9b50 in ?? ()
#32 0x000000000010961a in ?? ()
#33 0x000000000010c430 in ?? ()
#34 0x864fcaa718322c00 in ?? ()
#35 0x0000001fff000a00 in ?? ()
#36 0x0000000000000000 in ?? ()
