==21081== Memcheck, a memory error detector
==21081== Copyright (C) 2002-2017, and GNU GPL'd, by Julian Seward et al.
==21081== Using Valgrind-3.13.0 and LibVEX; rerun with -h for copyright info
==21081== Command: /rhome/a/akovacevic4/workspace/ASP/PZ10/Z1/.runme
==21081== Parent PID: 21067
==21081== 
==21081== Invalid write of size 8
==21081==    at 0x111B62: MatricaGraf<bool>::dodajGranu(int, int, float) (main.cpp:84)
==21081==    by 0x109340: TestMatricaGraf() (main.cpp:252)
==21081==    by 0x10A188: main (main.cpp:357)
==21081==  Address 0x5d7ffb0 is 0 bytes after a block of size 96 alloc'd
==21081==    at 0x4C3017F: operator new(unsigned long) (in /usr/lib/valgrind/vgpreload_memcheck-amd64-linux.so)
==21081==    by 0x10F664: __gnu_cxx::new_allocator<MatricaGraf<bool>::PodaciGrane>::allocate(unsigned long, void const*) (new_allocator.h:111)
==21081==    by 0x10ED29: std::allocator_traits<std::allocator<MatricaGraf<bool>::PodaciGrane> >::allocate(std::allocator<MatricaGraf<bool>::PodaciGrane>&, unsigned long) (alloc_traits.h:436)
==21081==    by 0x10DF27: std::_Vector_base<MatricaGraf<bool>::PodaciGrane, std::allocator<MatricaGraf<bool>::PodaciGrane> >::_M_allocate(unsigned long) (stl_vector.h:172)
==21081==    by 0x10E046: std::_Vector_base<MatricaGraf<bool>::PodaciGrane, std::allocator<MatricaGraf<bool>::PodaciGrane> >::_M_create_storage(unsigned long) (stl_vector.h:187)
==21081==    by 0x10CDC4: std::_Vector_base<MatricaGraf<bool>::PodaciGrane, std::allocator<MatricaGraf<bool>::PodaciGrane> >::_Vector_base(unsigned long, std::allocator<MatricaGraf<bool>::PodaciGrane> const&) (stl_vector.h:138)
==21081==    by 0x1101EA: std::vector<MatricaGraf<bool>::PodaciGrane, std::allocator<MatricaGraf<bool>::PodaciGrane> >::vector(std::vector<MatricaGraf<bool>::PodaciGrane, std::allocator<MatricaGraf<bool>::PodaciGrane> > const&) (stl_vector.h:328)
==21081==    by 0x1106FB: void std::_Construct<std::vector<MatricaGraf<bool>::PodaciGrane, std::allocator<MatricaGraf<bool>::PodaciGrane> >, std::vector<MatricaGraf<bool>::PodaciGrane, std::allocator<MatricaGraf<bool>::PodaciGrane> > const&>(std::vector<MatricaGraf<bool>::PodaciGrane, std::allocator<MatricaGraf<bool>::PodaciGrane> >*, std::vector<MatricaGraf<bool>::PodaciGrane, std::allocator<MatricaGraf<bool>::PodaciGrane> > const&) (stl_construct.h:75)
==21081==    by 0x10FB87: std::vector<MatricaGraf<bool>::PodaciGrane, std::allocator<MatricaGraf<bool>::PodaciGrane> >* std::__uninitialized_fill_n<false>::__uninit_fill_n<std::vector<MatricaGraf<bool>::PodaciGrane, std::allocator<MatricaGraf<bool>::PodaciGrane> >*, unsigned long, std::vector<MatricaGraf<bool>::PodaciGrane, std::allocator<MatricaGraf<bool>::PodaciGrane> > >(std::vector<MatricaGraf<bool>::PodaciGrane, std::allocator<MatricaGraf<bool>::PodaciGrane> >*, unsigned long, std::vector<MatricaGraf<bool>::PodaciGrane, std::allocator<MatricaGraf<bool>::PodaciGrane> > const&) (stl_uninitialized.h:210)
==21081==    by 0x10EFAF: std::vector<MatricaGraf<bool>::PodaciGrane, std::allocator<MatricaGraf<bool>::PodaciGrane> >* std::uninitialized_fill_n<std::vector<MatricaGraf<bool>::PodaciGrane, std::allocator<MatricaGraf<bool>::PodaciGrane> >*, unsigned long, std::vector<MatricaGraf<bool>::PodaciGrane, std::allocator<MatricaGraf<bool>::PodaciGrane> > >(std::vector<MatricaGraf<bool>::PodaciGrane, std::allocator<MatricaGraf<bool>::PodaciGrane> >*, unsigned long, std::vector<MatricaGraf<bool>::PodaciGrane, std::allocator<MatricaGraf<bool>::PodaciGrane> > const&) (stl_uninitialized.h:255)
==21081==    by 0x10E2D7: std::vector<MatricaGraf<bool>::PodaciGrane, std::allocator<MatricaGraf<bool>::PodaciGrane> >* std::__uninitialized_fill_n_a<std::vector<MatricaGraf<bool>::PodaciGrane, std::allocator<MatricaGraf<bool>::PodaciGrane> >*, unsigned long, std::vector<MatricaGraf<bool>::PodaciGrane, std::allocator<MatricaGraf<bool>::PodaciGrane> >, std::vector<MatricaGraf<bool>::PodaciGrane, std::allocator<MatricaGraf<bool>::PodaciGrane> > >(std::vector<MatricaGraf<bool>::PodaciGrane, std::allocator<MatricaGraf<bool>::PodaciGrane> >*, unsigned long, std::vector<MatricaGraf<bool>::PodaciGrane, std::allocator<MatricaGraf<bool>::PodaciGrane> > const&, std::allocator<std::vector<MatricaGraf<bool>::PodaciGrane, std::allocator<MatricaGraf<bool>::PodaciGrane> > >&) (stl_uninitialized.h:366)
==21081==    by 0x10D285: std::vector<std::vector<MatricaGraf<bool>::PodaciGrane, std::allocator<MatricaGraf<bool>::PodaciGrane> >, std::allocator<std::vector<MatricaGraf<bool>::PodaciGrane, std::allocator<MatricaGraf<bool>::PodaciGrane> > > >::_M_fill_insert(__gnu_cxx::__normal_iterator<std::vector<MatricaGraf<bool>::PodaciGrane, std::allocator<MatricaGraf<bool>::PodaciGrane> >*, std::vector<std::vector<MatricaGraf<bool>::PodaciGrane, std::allocator<MatricaGraf<bool>::PodaciGrane> >, std::allocator<std::vector<MatricaGraf<bool>::PodaciGrane, std::allocator<MatricaGraf<bool>::PodaciGrane> > > > >, unsigned long, std::vector<MatricaGraf<bool>::PodaciGrane, std::allocator<MatricaGraf<bool>::PodaciGrane> > const&) (vector.tcc:510)
==21081== 
==21081== Invalid write of size 4
==21081==    at 0x111B68: MatricaGraf<bool>::dodajGranu(int, int, float) (main.cpp:84)
==21081==    by 0x109340: TestMatricaGraf() (main.cpp:252)
==21081==    by 0x10A188: main (main.cpp:357)
==21081==  Address 0x5d7ffb8 is 8 bytes after a block of size 96 alloc'd
==21081==    at 0x4C3017F: operator new(unsigned long) (in /usr/lib/valgrind/vgpreload_memcheck-amd64-linux.so)
==21081==    by 0x10F664: __gnu_cxx::new_allocator<MatricaGraf<bool>::PodaciGrane>::allocate(unsigned long, void const*) (new_allocator.h:111)
==21081==    by 0x10ED29: std::allocator_traits<std::allocator<MatricaGraf<bool>::PodaciGrane> >::allocate(std::allocator<MatricaGraf<bool>::PodaciGrane>&, unsigned long) (alloc_traits.h:436)
==21081==    by 0x10DF27: std::_Vector_base<MatricaGraf<bool>::PodaciGrane, std::allocator<MatricaGraf<bool>::PodaciGrane> >::_M_allocate(unsigned long) (stl_vector.h:172)
==21081==    by 0x10E046: std::_Vector_base<MatricaGraf<bool>::PodaciGrane, std::allocator<MatricaGraf<bool>::PodaciGrane> >::_M_create_storage(unsigned long) (stl_vector.h:187)
==21081==    by 0x10CDC4: std::_Vector_base<MatricaGraf<bool>::PodaciGrane, std::allocator<MatricaGraf<bool>::PodaciGrane> >::_Vector_base(unsigned long, std::allocator<MatricaGraf<bool>::PodaciGrane> const&) (stl_vector.h:138)
==21081==    by 0x1101EA: std::vector<MatricaGraf<bool>::PodaciGrane, std::allocator<MatricaGraf<bool>::PodaciGrane> >::vector(std::vector<MatricaGraf<bool>::PodaciGrane, std::allocator<MatricaGraf<bool>::PodaciGrane> > const&) (stl_vector.h:328)
==21081==    by 0x1106FB: void std::_Construct<std::vector<MatricaGraf<bool>::PodaciGrane, std::allocator<MatricaGraf<bool>::PodaciGrane> >, std::vector<MatricaGraf<bool>::PodaciGrane, std::allocator<MatricaGraf<bool>::PodaciGrane> > const&>(std::vector<MatricaGraf<bool>::PodaciGrane, std::allocator<MatricaGraf<bool>::PodaciGrane> >*, std::vector<MatricaGraf<bool>::PodaciGrane, std::allocator<MatricaGraf<bool>::PodaciGrane> > const&) (stl_construct.h:75)
==21081==    by 0x10FB87: std::vector<MatricaGraf<bool>::PodaciGrane, std::allocator<MatricaGraf<bool>::PodaciGrane> >* std::__uninitialized_fill_n<false>::__uninit_fill_n<std::vector<MatricaGraf<bool>::PodaciGrane, std::allocator<MatricaGraf<bool>::PodaciGrane> >*, unsigned long, std::vector<MatricaGraf<bool>::PodaciGrane, std::allocator<MatricaGraf<bool>::PodaciGrane> > >(std::vector<MatricaGraf<bool>::PodaciGrane, std::allocator<MatricaGraf<bool>::PodaciGrane> >*, unsigned long, std::vector<MatricaGraf<bool>::PodaciGrane, std::allocator<MatricaGraf<bool>::PodaciGrane> > const&) (stl_uninitialized.h:210)
==21081==    by 0x10EFAF: std::vector<MatricaGraf<bool>::PodaciGrane, std::allocator<MatricaGraf<bool>::PodaciGrane> >* std::uninitialized_fill_n<std::vector<MatricaGraf<bool>::PodaciGrane, std::allocator<MatricaGraf<bool>::PodaciGrane> >*, unsigned long, std::vector<MatricaGraf<bool>::PodaciGrane, std::allocator<MatricaGraf<bool>::PodaciGrane> > >(std::vector<MatricaGraf<bool>::PodaciGrane, std::allocator<MatricaGraf<bool>::PodaciGrane> >*, unsigned long, std::vector<MatricaGraf<bool>::PodaciGrane, std::allocator<MatricaGraf<bool>::PodaciGrane> > const&) (stl_uninitialized.h:255)
==21081==    by 0x10E2D7: std::vector<MatricaGraf<bool>::PodaciGrane, std::allocator<MatricaGraf<bool>::PodaciGrane> >* std::__uninitialized_fill_n_a<std::vector<MatricaGraf<bool>::PodaciGrane, std::allocator<MatricaGraf<bool>::PodaciGrane> >*, unsigned long, std::vector<MatricaGraf<bool>::PodaciGrane, std::allocator<MatricaGraf<bool>::PodaciGrane> >, std::vector<MatricaGraf<bool>::PodaciGrane, std::allocator<MatricaGraf<bool>::PodaciGrane> > >(std::vector<MatricaGraf<bool>::PodaciGrane, std::allocator<MatricaGraf<bool>::PodaciGrane> >*, unsigned long, std::vector<MatricaGraf<bool>::PodaciGrane, std::allocator<MatricaGraf<bool>::PodaciGrane> > const&, std::allocator<std::vector<MatricaGraf<bool>::PodaciGrane, std::allocator<MatricaGraf<bool>::PodaciGrane> > >&) (stl_uninitialized.h:366)
==21081==    by 0x10D285: std::vector<std::vector<MatricaGraf<bool>::PodaciGrane, std::allocator<MatricaGraf<bool>::PodaciGrane> >, std::allocator<std::vector<MatricaGraf<bool>::PodaciGrane, std::allocator<MatricaGraf<bool>::PodaciGrane> > > >::_M_fill_insert(__gnu_cxx::__normal_iterator<std::vector<MatricaGraf<bool>::PodaciGrane, std::allocator<MatricaGraf<bool>::PodaciGrane> >*, std::vector<std::vector<MatricaGraf<bool>::PodaciGrane, std::allocator<MatricaGraf<bool>::PodaciGrane> >, std::allocator<std::vector<MatricaGraf<bool>::PodaciGrane, std::allocator<MatricaGraf<bool>::PodaciGrane> > > > >, unsigned long, std::vector<MatricaGraf<bool>::PodaciGrane, std::allocator<MatricaGraf<bool>::PodaciGrane> > const&) (vector.tcc:510)
==21081== 
==21081== Invalid write of size 8
==21081==    at 0x111B62: MatricaGraf<bool>::dodajGranu(int, int, float) (main.cpp:84)
==21081==    by 0x1093CD: TestMatricaGraf() (main.cpp:255)
==21081==    by 0x10A188: main (main.cpp:357)
==21081==  Address 0x5d80050 is 0 bytes after a block of size 96 alloc'd
==21081==    at 0x4C3017F: operator new(unsigned long) (in /usr/lib/valgrind/vgpreload_memcheck-amd64-linux.so)
==21081==    by 0x10F664: __gnu_cxx::new_allocator<MatricaGraf<bool>::PodaciGrane>::allocate(unsigned long, void const*) (new_allocator.h:111)
==21081==    by 0x10ED29: std::allocator_traits<std::allocator<MatricaGraf<bool>::PodaciGrane> >::allocate(std::allocator<MatricaGraf<bool>::PodaciGrane>&, unsigned long) (alloc_traits.h:436)
==21081==    by 0x10DF27: std::_Vector_base<MatricaGraf<bool>::PodaciGrane, std::allocator<MatricaGraf<bool>::PodaciGrane> >::_M_allocate(unsigned long) (stl_vector.h:172)
==21081==    by 0x10E046: std::_Vector_base<MatricaGraf<bool>::PodaciGrane, std::allocator<MatricaGraf<bool>::PodaciGrane> >::_M_create_storage(unsigned long) (stl_vector.h:187)
==21081==    by 0x10CDC4: std::_Vector_base<MatricaGraf<bool>::PodaciGrane, std::allocator<MatricaGraf<bool>::PodaciGrane> >::_Vector_base(unsigned long, std::allocator<MatricaGraf<bool>::PodaciGrane> const&) (stl_vector.h:138)
==21081==    by 0x1101EA: std::vector<MatricaGraf<bool>::PodaciGrane, std::allocator<MatricaGraf<bool>::PodaciGrane> >::vector(std::vector<MatricaGraf<bool>::PodaciGrane, std::allocator<MatricaGraf<bool>::PodaciGrane> > const&) (stl_vector.h:328)
==21081==    by 0x1106FB: void std::_Construct<std::vector<MatricaGraf<bool>::PodaciGrane, std::allocator<MatricaGraf<bool>::PodaciGrane> >, std::vector<MatricaGraf<bool>::PodaciGrane, std::allocator<MatricaGraf<bool>::PodaciGrane> > const&>(std::vector<MatricaGraf<bool>::PodaciGrane, std::allocator<MatricaGraf<bool>::PodaciGrane> >*, std::vector<MatricaGraf<bool>::PodaciGrane, std::allocator<MatricaGraf<bool>::PodaciGrane> > const&) (stl_construct.h:75)
==21081==    by 0x10FB87: std::vector<MatricaGraf<bool>::PodaciGrane, std::allocator<MatricaGraf<bool>::PodaciGrane> >* std::__uninitialized_fill_n<false>::__uninit_fill_n<std::vector<MatricaGraf<bool>::PodaciGrane, std::allocator<MatricaGraf<bool>::PodaciGrane> >*, unsigned long, std::vector<MatricaGraf<bool>::PodaciGrane, std::allocator<MatricaGraf<bool>::PodaciGrane> > >(std::vector<MatricaGraf<bool>::PodaciGrane, std::allocator<MatricaGraf<bool>::PodaciGrane> >*, unsigned long, std::vector<MatricaGraf<bool>::PodaciGrane, std::allocator<MatricaGraf<bool>::PodaciGrane> > const&) (stl_uninitialized.h:210)
==21081==    by 0x10EFAF: std::vector<MatricaGraf<bool>::PodaciGrane, std::allocator<MatricaGraf<bool>::PodaciGrane> >* std::uninitialized_fill_n<std::vector<MatricaGraf<bool>::PodaciGrane, std::allocator<MatricaGraf<bool>::PodaciGrane> >*, unsigned long, std::vector<MatricaGraf<bool>::PodaciGrane, std::allocator<MatricaGraf<bool>::PodaciGrane> > >(std::vector<MatricaGraf<bool>::PodaciGrane, std::allocator<MatricaGraf<bool>::PodaciGrane> >*, unsigned long, std::vector<MatricaGraf<bool>::PodaciGrane, std::allocator<MatricaGraf<bool>::PodaciGrane> > const&) (stl_uninitialized.h:255)
==21081==    by 0x10E2D7: std::vector<MatricaGraf<bool>::PodaciGrane, std::allocator<MatricaGraf<bool>::PodaciGrane> >* std::__uninitialized_fill_n_a<std::vector<MatricaGraf<bool>::PodaciGrane, std::allocator<MatricaGraf<bool>::PodaciGrane> >*, unsigned long, std::vector<MatricaGraf<bool>::PodaciGrane, std::allocator<MatricaGraf<bool>::PodaciGrane> >, std::vector<MatricaGraf<bool>::PodaciGrane, std::allocator<MatricaGraf<bool>::PodaciGrane> > >(std::vector<MatricaGraf<bool>::PodaciGrane, std::allocator<MatricaGraf<bool>::PodaciGrane> >*, unsigned long, std::vector<MatricaGraf<bool>::PodaciGrane, std::allocator<MatricaGraf<bool>::PodaciGrane> > const&, std::allocator<std::vector<MatricaGraf<bool>::PodaciGrane, std::allocator<MatricaGraf<bool>::PodaciGrane> > >&) (stl_uninitialized.h:366)
==21081==    by 0x10D285: std::vector<std::vector<MatricaGraf<bool>::PodaciGrane, std::allocator<MatricaGraf<bool>::PodaciGrane> >, std::allocator<std::vector<MatricaGraf<bool>::PodaciGrane, std::allocator<MatricaGraf<bool>::PodaciGrane> > > >::_M_fill_insert(__gnu_cxx::__normal_iterator<std::vector<MatricaGraf<bool>::PodaciGrane, std::allocator<MatricaGraf<bool>::PodaciGrane> >*, std::vector<std::vector<MatricaGraf<bool>::PodaciGrane, std::allocator<MatricaGraf<bool>::PodaciGrane> >, std::allocator<std::vector<MatricaGraf<bool>::PodaciGrane, std::allocator<MatricaGraf<bool>::PodaciGrane> > > > >, unsigned long, std::vector<MatricaGraf<bool>::PodaciGrane, std::allocator<MatricaGraf<bool>::PodaciGrane> > const&) (vector.tcc:510)
==21081== 
==21081== Invalid write of size 4
==21081==    at 0x111B68: MatricaGraf<bool>::dodajGranu(int, int, float) (main.cpp:84)
==21081==    by 0x1093CD: TestMatricaGraf() (main.cpp:255)
==21081==    by 0x10A188: main (main.cpp:357)
==21081==  Address 0x5d80058 is 8 bytes after a block of size 96 alloc'd
==21081==    at 0x4C3017F: operator new(unsigned long) (in /usr/lib/valgrind/vgpreload_memcheck-amd64-linux.so)
==21081==    by 0x10F664: __gnu_cxx::new_allocator<MatricaGraf<bool>::PodaciGrane>::allocate(unsigned long, void const*) (new_allocator.h:111)
==21081==    by 0x10ED29: std::allocator_traits<std::allocator<MatricaGraf<bool>::PodaciGrane> >::allocate(std::allocator<MatricaGraf<bool>::PodaciGrane>&, unsigned long) (alloc_traits.h:436)
==21081==    by 0x10DF27: std::_Vector_base<MatricaGraf<bool>::PodaciGrane, std::allocator<MatricaGraf<bool>::PodaciGrane> >::_M_allocate(unsigned long) (stl_vector.h:172)
==21081==    by 0x10E046: std::_Vector_base<MatricaGraf<bool>::PodaciGrane, std::allocator<MatricaGraf<bool>::PodaciGrane> >::_M_create_storage(unsigned long) (stl_vector.h:187)
==21081==    by 0x10CDC4: std::_Vector_base<MatricaGraf<bool>::PodaciGrane, std::allocator<MatricaGraf<bool>::PodaciGrane> >::_Vector_base(unsigned long, std::allocator<MatricaGraf<bool>::PodaciGrane> const&) (stl_vector.h:138)
==21081==    by 0x1101EA: std::vector<MatricaGraf<bool>::PodaciGrane, std::allocator<MatricaGraf<bool>::PodaciGrane> >::vector(std::vector<MatricaGraf<bool>::PodaciGrane, std::allocator<MatricaGraf<bool>::PodaciGrane> > const&) (stl_vector.h:328)
==21081==    by 0x1106FB: void std::_Construct<std::vector<MatricaGraf<bool>::PodaciGrane, std::allocator<MatricaGraf<bool>::PodaciGrane> >, std::vector<MatricaGraf<bool>::PodaciGrane, std::allocator<MatricaGraf<bool>::PodaciGrane> > const&>(std::vector<MatricaGraf<bool>::PodaciGrane, std::allocator<MatricaGraf<bool>::PodaciGrane> >*, std::vector<MatricaGraf<bool>::PodaciGrane, std::allocator<MatricaGraf<bool>::PodaciGrane> > const&) (stl_construct.h:75)
==21081==    by 0x10FB87: std::vector<MatricaGraf<bool>::PodaciGrane, std::allocator<MatricaGraf<bool>::PodaciGrane> >* std::__uninitialized_fill_n<false>::__uninit_fill_n<std::vector<MatricaGraf<bool>::PodaciGrane, std::allocator<MatricaGraf<bool>::PodaciGrane> >*, unsigned long, std::vector<MatricaGraf<bool>::PodaciGrane, std::allocator<MatricaGraf<bool>::PodaciGrane> > >(std::vector<MatricaGraf<bool>::PodaciGrane, std::allocator<MatricaGraf<bool>::PodaciGrane> >*, unsigned long, std::vector<MatricaGraf<bool>::PodaciGrane, std::allocator<MatricaGraf<bool>::PodaciGrane> > const&) (stl_uninitialized.h:210)
==21081==    by 0x10EFAF: std::vector<MatricaGraf<bool>::PodaciGrane, std::allocator<MatricaGraf<bool>::PodaciGrane> >* std::uninitialized_fill_n<std::vector<MatricaGraf<bool>::PodaciGrane, std::allocator<MatricaGraf<bool>::PodaciGrane> >*, unsigned long, std::vector<MatricaGraf<bool>::PodaciGrane, std::allocator<MatricaGraf<bool>::PodaciGrane> > >(std::vector<MatricaGraf<bool>::PodaciGrane, std::allocator<MatricaGraf<bool>::PodaciGrane> >*, unsigned long, std::vector<MatricaGraf<bool>::PodaciGrane, std::allocator<MatricaGraf<bool>::PodaciGrane> > const&) (stl_uninitialized.h:255)
==21081==    by 0x10E2D7: std::vector<MatricaGraf<bool>::PodaciGrane, std::allocator<MatricaGraf<bool>::PodaciGrane> >* std::__uninitialized_fill_n_a<std::vector<MatricaGraf<bool>::PodaciGrane, std::allocator<MatricaGraf<bool>::PodaciGrane> >*, unsigned long, std::vector<MatricaGraf<bool>::PodaciGrane, std::allocator<MatricaGraf<bool>::PodaciGrane> >, std::vector<MatricaGraf<bool>::PodaciGrane, std::allocator<MatricaGraf<bool>::PodaciGrane> > >(std::vector<MatricaGraf<bool>::PodaciGrane, std::allocator<MatricaGraf<bool>::PodaciGrane> >*, unsigned long, std::vector<MatricaGraf<bool>::PodaciGrane, std::allocator<MatricaGraf<bool>::PodaciGrane> > const&, std::allocator<std::vector<MatricaGraf<bool>::PodaciGrane, std::allocator<MatricaGraf<bool>::PodaciGrane> > >&) (stl_uninitialized.h:366)
==21081==    by 0x10D285: std::vector<std::vector<MatricaGraf<bool>::PodaciGrane, std::allocator<MatricaGraf<bool>::PodaciGrane> >, std::allocator<std::vector<MatricaGraf<bool>::PodaciGrane, std::allocator<MatricaGraf<bool>::PodaciGrane> > > >::_M_fill_insert(__gnu_cxx::__normal_iterator<std::vector<MatricaGraf<bool>::PodaciGrane, std::allocator<MatricaGraf<bool>::PodaciGrane> >*, std::vector<std::vector<MatricaGraf<bool>::PodaciGrane, std::allocator<MatricaGraf<bool>::PodaciGrane> >, std::allocator<std::vector<MatricaGraf<bool>::PodaciGrane, std::allocator<MatricaGraf<bool>::PodaciGrane> > > > >, unsigned long, std::vector<MatricaGraf<bool>::PodaciGrane, std::allocator<MatricaGraf<bool>::PodaciGrane> > const&) (vector.tcc:510)
==21081== 
==21081== Invalid write of size 8
==21081==    at 0x111B62: MatricaGraf<bool>::dodajGranu(int, int, float) (main.cpp:84)
==21081==    by 0x10945A: TestMatricaGraf() (main.cpp:258)
==21081==    by 0x10A188: main (main.cpp:357)
==21081==  Address 0x5d800f0 is 0 bytes after a block of size 96 alloc'd
==21081==    at 0x4C3017F: operator new(unsigned long) (in /usr/lib/valgrind/vgpreload_memcheck-amd64-linux.so)
==21081==    by 0x10F664: __gnu_cxx::new_allocator<MatricaGraf<bool>::PodaciGrane>::allocate(unsigned long, void const*) (new_allocator.h:111)
==21081==    by 0x10ED29: std::allocator_traits<std::allocator<MatricaGraf<bool>::PodaciGrane> >::allocate(std::allocator<MatricaGraf<bool>::PodaciGrane>&, unsigned long) (alloc_traits.h:436)
==21081==    by 0x10DF27: std::_Vector_base<MatricaGraf<bool>::PodaciGrane, std::allocator<MatricaGraf<bool>::PodaciGrane> >::_M_allocate(unsigned long) (stl_vector.h:172)
==21081==    by 0x10E046: std::_Vector_base<MatricaGraf<bool>::PodaciGrane, std::allocator<MatricaGraf<bool>::PodaciGrane> >::_M_create_storage(unsigned long) (stl_vector.h:187)
==21081==    by 0x10CDC4: std::_Vector_base<MatricaGraf<bool>::PodaciGrane, std::allocator<MatricaGraf<bool>::PodaciGrane> >::_Vector_base(unsigned long, std::allocator<MatricaGraf<bool>::PodaciGrane> const&) (stl_vector.h:138)
==21081==    by 0x1101EA: std::vector<MatricaGraf<bool>::PodaciGrane, std::allocator<MatricaGraf<bool>::PodaciGrane> >::vector(std::vector<MatricaGraf<bool>::PodaciGrane, std::allocator<MatricaGraf<bool>::PodaciGrane> > const&) (stl_vector.h:328)
==21081==    by 0x1106FB: void std::_Construct<std::vector<MatricaGraf<bool>::PodaciGrane, std::allocator<MatricaGraf<bool>::PodaciGrane> >, std::vector<MatricaGraf<bool>::PodaciGrane, std::allocator<MatricaGraf<bool>::PodaciGrane> > const&>(std::vector<MatricaGraf<bool>::PodaciGrane, std::allocator<MatricaGraf<bool>::PodaciGrane> >*, std::vector<MatricaGraf<bool>::PodaciGrane, std::allocator<MatricaGraf<bool>::PodaciGrane> > const&) (stl_construct.h:75)
==21081==    by 0x10FB87: std::vector<MatricaGraf<bool>::PodaciGrane, std::allocator<MatricaGraf<bool>::PodaciGrane> >* std::__uninitialized_fill_n<false>::__uninit_fill_n<std::vector<MatricaGraf<bool>::PodaciGrane, std::allocator<MatricaGraf<bool>::PodaciGrane> >*, unsigned long, std::vector<MatricaGraf<bool>::PodaciGrane, std::allocator<MatricaGraf<bool>::PodaciGrane> > >(std::vector<MatricaGraf<bool>::PodaciGrane, std::allocator<MatricaGraf<bool>::PodaciGrane> >*, unsigned long, std::vector<MatricaGraf<bool>::PodaciGrane, std::allocator<MatricaGraf<bool>::PodaciGrane> > const&) (stl_uninitialized.h:210)
==21081==    by 0x10EFAF: std::vector<MatricaGraf<bool>::PodaciGrane, std::allocator<MatricaGraf<bool>::PodaciGrane> >* std::uninitialized_fill_n<std::vector<MatricaGraf<bool>::PodaciGrane, std::allocator<MatricaGraf<bool>::PodaciGrane> >*, unsigned long, std::vector<MatricaGraf<bool>::PodaciGrane, std::allocator<MatricaGraf<bool>::PodaciGrane> > >(std::vector<MatricaGraf<bool>::PodaciGrane, std::allocator<MatricaGraf<bool>::PodaciGrane> >*, unsigned long, std::vector<MatricaGraf<bool>::PodaciGrane, std::allocator<MatricaGraf<bool>::PodaciGrane> > const&) (stl_uninitialized.h:255)
==21081==    by 0x10E2D7: std::vector<MatricaGraf<bool>::PodaciGrane, std::allocator<MatricaGraf<bool>::PodaciGrane> >* std::__uninitialized_fill_n_a<std::vector<MatricaGraf<bool>::PodaciGrane, std::allocator<MatricaGraf<bool>::PodaciGrane> >*, unsigned long, std::vector<MatricaGraf<bool>::PodaciGrane, std::allocator<MatricaGraf<bool>::PodaciGrane> >, std::vector<MatricaGraf<bool>::PodaciGrane, std::allocator<MatricaGraf<bool>::PodaciGrane> > >(std::vector<MatricaGraf<bool>::PodaciGrane, std::allocator<MatricaGraf<bool>::PodaciGrane> >*, unsigned long, std::vector<MatricaGraf<bool>::PodaciGrane, std::allocator<MatricaGraf<bool>::PodaciGrane> > const&, std::allocator<std::vector<MatricaGraf<bool>::PodaciGrane, std::allocator<MatricaGraf<bool>::PodaciGrane> > >&) (stl_uninitialized.h:366)
==21081==    by 0x10D285: std::vector<std::vector<MatricaGraf<bool>::PodaciGrane, std::allocator<MatricaGraf<bool>::PodaciGrane> >, std::allocator<std::vector<MatricaGraf<bool>::PodaciGrane, std::allocator<MatricaGraf<bool>::PodaciGrane> > > >::_M_fill_insert(__gnu_cxx::__normal_iterator<std::vector<MatricaGraf<bool>::PodaciGrane, std::allocator<MatricaGraf<bool>::PodaciGrane> >*, std::vector<std::vector<MatricaGraf<bool>::PodaciGrane, std::allocator<MatricaGraf<bool>::PodaciGrane> >, std::allocator<std::vector<MatricaGraf<bool>::PodaciGrane, std::allocator<MatricaGraf<bool>::PodaciGrane> > > > >, unsigned long, std::vector<MatricaGraf<bool>::PodaciGrane, std::allocator<MatricaGraf<bool>::PodaciGrane> > const&) (vector.tcc:510)
==21081== 
==21081== Invalid write of size 4
==21081==    at 0x111B68: MatricaGraf<bool>::dodajGranu(int, int, float) (main.cpp:84)
==21081==    by 0x10945A: TestMatricaGraf() (main.cpp:258)
==21081==    by 0x10A188: main (main.cpp:357)
==21081==  Address 0x5d800f8 is 8 bytes after a block of size 96 alloc'd
==21081==    at 0x4C3017F: operator new(unsigned long) (in /usr/lib/valgrind/vgpreload_memcheck-amd64-linux.so)
==21081==    by 0x10F664: __gnu_cxx::new_allocator<MatricaGraf<bool>::PodaciGrane>::allocate(unsigned long, void const*) (new_allocator.h:111)
==21081==    by 0x10ED29: std::allocator_traits<std::allocator<MatricaGraf<bool>::PodaciGrane> >::allocate(std::allocator<MatricaGraf<bool>::PodaciGrane>&, unsigned long) (alloc_traits.h:436)
==21081==    by 0x10DF27: std::_Vector_base<MatricaGraf<bool>::PodaciGrane, std::allocator<MatricaGraf<bool>::PodaciGrane> >::_M_allocate(unsigned long) (stl_vector.h:172)
==21081==    by 0x10E046: std::_Vector_base<MatricaGraf<bool>::PodaciGrane, std::allocator<MatricaGraf<bool>::PodaciGrane> >::_M_create_storage(unsigned long) (stl_vector.h:187)
==21081==    by 0x10CDC4: std::_Vector_base<MatricaGraf<bool>::PodaciGrane, std::allocator<MatricaGraf<bool>::PodaciGrane> >::_Vector_base(unsigned long, std::allocator<MatricaGraf<bool>::PodaciGrane> const&) (stl_vector.h:138)
==21081==    by 0x1101EA: std::vector<MatricaGraf<bool>::PodaciGrane, std::allocator<MatricaGraf<bool>::PodaciGrane> >::vector(std::vector<MatricaGraf<bool>::PodaciGrane, std::allocator<MatricaGraf<bool>::PodaciGrane> > const&) (stl_vector.h:328)
==21081==    by 0x1106FB: void std::_Construct<std::vector<MatricaGraf<bool>::PodaciGrane, std::allocator<MatricaGraf<bool>::PodaciGrane> >, std::vector<MatricaGraf<bool>::PodaciGrane, std::allocator<MatricaGraf<bool>::PodaciGrane> > const&>(std::vector<MatricaGraf<bool>::PodaciGrane, std::allocator<MatricaGraf<bool>::PodaciGrane> >*, std::vector<MatricaGraf<bool>::PodaciGrane, std::allocator<MatricaGraf<bool>::PodaciGrane> > const&) (stl_construct.h:75)
==21081==    by 0x10FB87: std::vector<MatricaGraf<bool>::PodaciGrane, std::allocator<MatricaGraf<bool>::PodaciGrane> >* std::__uninitialized_fill_n<false>::__uninit_fill_n<std::vector<MatricaGraf<bool>::PodaciGrane, std::allocator<MatricaGraf<bool>::PodaciGrane> >*, unsigned long, std::vector<MatricaGraf<bool>::PodaciGrane, std::allocator<MatricaGraf<bool>::PodaciGrane> > >(std::vector<MatricaGraf<bool>::PodaciGrane, std::allocator<MatricaGraf<bool>::PodaciGrane> >*, unsigned long, std::vector<MatricaGraf<bool>::PodaciGrane, std::allocator<MatricaGraf<bool>::PodaciGrane> > const&) (stl_uninitialized.h:210)
==21081==    by 0x10EFAF: std::vector<MatricaGraf<bool>::PodaciGrane, std::allocator<MatricaGraf<bool>::PodaciGrane> >* std::uninitialized_fill_n<std::vector<MatricaGraf<bool>::PodaciGrane, std::allocator<MatricaGraf<bool>::PodaciGrane> >*, unsigned long, std::vector<MatricaGraf<bool>::PodaciGrane, std::allocator<MatricaGraf<bool>::PodaciGrane> > >(std::vector<MatricaGraf<bool>::PodaciGrane, std::allocator<MatricaGraf<bool>::PodaciGrane> >*, unsigned long, std::vector<MatricaGraf<bool>::PodaciGrane, std::allocator<MatricaGraf<bool>::PodaciGrane> > const&) (stl_uninitialized.h:255)
==21081==    by 0x10E2D7: std::vector<MatricaGraf<bool>::PodaciGrane, std::allocator<MatricaGraf<bool>::PodaciGrane> >* std::__uninitialized_fill_n_a<std::vector<MatricaGraf<bool>::PodaciGrane, std::allocator<MatricaGraf<bool>::PodaciGrane> >*, unsigned long, std::vector<MatricaGraf<bool>::PodaciGrane, std::allocator<MatricaGraf<bool>::PodaciGrane> >, std::vector<MatricaGraf<bool>::PodaciGrane, std::allocator<MatricaGraf<bool>::PodaciGrane> > >(std::vector<MatricaGraf<bool>::PodaciGrane, std::allocator<MatricaGraf<bool>::PodaciGrane> >*, unsigned long, std::vector<MatricaGraf<bool>::PodaciGrane, std::allocator<MatricaGraf<bool>::PodaciGrane> > const&, std::allocator<std::vector<MatricaGraf<bool>::PodaciGrane, std::allocator<MatricaGraf<bool>::PodaciGrane> > >&) (stl_uninitialized.h:366)
==21081==    by 0x10D285: std::vector<std::vector<MatricaGraf<bool>::PodaciGrane, std::allocator<MatricaGraf<bool>::PodaciGrane> >, std::allocator<std::vector<MatricaGraf<bool>::PodaciGrane, std::allocator<MatricaGraf<bool>::PodaciGrane> > > >::_M_fill_insert(__gnu_cxx::__normal_iterator<std::vector<MatricaGraf<bool>::PodaciGrane, std::allocator<MatricaGraf<bool>::PodaciGrane> >*, std::vector<std::vector<MatricaGraf<bool>::PodaciGrane, std::allocator<MatricaGraf<bool>::PodaciGrane> >, std::allocator<std::vector<MatricaGraf<bool>::PodaciGrane, std::allocator<MatricaGraf<bool>::PodaciGrane> > > > >, unsigned long, std::vector<MatricaGraf<bool>::PodaciGrane, std::allocator<MatricaGraf<bool>::PodaciGrane> > const&) (vector.tcc:510)
==21081== 
==21081== Invalid write of size 8
==21081==    at 0x111B62: MatricaGraf<bool>::dodajGranu(int, int, float) (main.cpp:84)
==21081==    by 0x109516: TestMatricaGraf() (main.cpp:262)
==21081==    by 0x10A188: main (main.cpp:357)
==21081==  Address 0x5d80230 is 0 bytes after a block of size 96 alloc'd
==21081==    at 0x4C3017F: operator new(unsigned long) (in /usr/lib/valgrind/vgpreload_memcheck-amd64-linux.so)
==21081==    by 0x10F664: __gnu_cxx::new_allocator<MatricaGraf<bool>::PodaciGrane>::allocate(unsigned long, void const*) (new_allocator.h:111)
==21081==    by 0x10ED29: std::allocator_traits<std::allocator<MatricaGraf<bool>::PodaciGrane> >::allocate(std::allocator<MatricaGraf<bool>::PodaciGrane>&, unsigned long) (alloc_traits.h:436)
==21081==    by 0x10DF27: std::_Vector_base<MatricaGraf<bool>::PodaciGrane, std::allocator<MatricaGraf<bool>::PodaciGrane> >::_M_allocate(unsigned long) (stl_vector.h:172)
==21081==    by 0x10E046: std::_Vector_base<MatricaGraf<bool>::PodaciGrane, std::allocator<MatricaGraf<bool>::PodaciGrane> >::_M_create_storage(unsigned long) (stl_vector.h:187)
==21081==    by 0x10CDC4: std::_Vector_base<MatricaGraf<bool>::PodaciGrane, std::allocator<MatricaGraf<bool>::PodaciGrane> >::_Vector_base(unsigned long, std::allocator<MatricaGraf<bool>::PodaciGrane> const&) (stl_vector.h:138)
==21081==    by 0x1101EA: std::vector<MatricaGraf<bool>::PodaciGrane, std::allocator<MatricaGraf<bool>::PodaciGrane> >::vector(std::vector<MatricaGraf<bool>::PodaciGrane, std::allocator<MatricaGraf<bool>::PodaciGrane> > const&) (stl_vector.h:328)
==21081==    by 0x1106FB: void std::_Construct<std::vector<MatricaGraf<bool>::PodaciGrane, std::allocator<MatricaGraf<bool>::PodaciGrane> >, std::vector<MatricaGraf<bool>::PodaciGrane, std::allocator<MatricaGraf<bool>::PodaciGrane> > const&>(std::vector<MatricaGraf<bool>::PodaciGrane, std::allocator<MatricaGraf<bool>::PodaciGrane> >*, std::vector<MatricaGraf<bool>::PodaciGrane, std::allocator<MatricaGraf<bool>::PodaciGrane> > const&) (stl_construct.h:75)
==21081==    by 0x10FB87: std::vector<MatricaGraf<bool>::PodaciGrane, std::allocator<MatricaGraf<bool>::PodaciGrane> >* std::__uninitialized_fill_n<false>::__uninit_fill_n<std::vector<MatricaGraf<bool>::PodaciGrane, std::allocator<MatricaGraf<bool>::PodaciGrane> >*, unsigned long, std::vector<MatricaGraf<bool>::PodaciGrane, std::allocator<MatricaGraf<bool>::PodaciGrane> > >(std::vector<MatricaGraf<bool>::PodaciGrane, std::allocator<MatricaGraf<bool>::PodaciGrane> >*, unsigned long, std::vector<MatricaGraf<bool>::PodaciGrane, std::allocator<MatricaGraf<bool>::PodaciGrane> > const&) (stl_uninitialized.h:210)
==21081==    by 0x10EFAF: std::vector<MatricaGraf<bool>::PodaciGrane, std::allocator<MatricaGraf<bool>::PodaciGrane> >* std::uninitialized_fill_n<std::vector<MatricaGraf<bool>::PodaciGrane, std::allocator<MatricaGraf<bool>::PodaciGrane> >*, unsigned long, std::vector<MatricaGraf<bool>::PodaciGrane, std::allocator<MatricaGraf<bool>::PodaciGrane> > >(std::vector<MatricaGraf<bool>::PodaciGrane, std::allocator<MatricaGraf<bool>::PodaciGrane> >*, unsigned long, std::vector<MatricaGraf<bool>::PodaciGrane, std::allocator<MatricaGraf<bool>::PodaciGrane> > const&) (stl_uninitialized.h:255)
==21081==    by 0x10E2D7: std::vector<MatricaGraf<bool>::PodaciGrane, std::allocator<MatricaGraf<bool>::PodaciGrane> >* std::__uninitialized_fill_n_a<std::vector<MatricaGraf<bool>::PodaciGrane, std::allocator<MatricaGraf<bool>::PodaciGrane> >*, unsigned long, std::vector<MatricaGraf<bool>::PodaciGrane, std::allocator<MatricaGraf<bool>::PodaciGrane> >, std::vector<MatricaGraf<bool>::PodaciGrane, std::allocator<MatricaGraf<bool>::PodaciGrane> > >(std::vector<MatricaGraf<bool>::PodaciGrane, std::allocator<MatricaGraf<bool>::PodaciGrane> >*, unsigned long, std::vector<MatricaGraf<bool>::PodaciGrane, std::allocator<MatricaGraf<bool>::PodaciGrane> > const&, std::allocator<std::vector<MatricaGraf<bool>::PodaciGrane, std::allocator<MatricaGraf<bool>::PodaciGrane> > >&) (stl_uninitialized.h:366)
==21081==    by 0x10D285: std::vector<std::vector<MatricaGraf<bool>::PodaciGrane, std::allocator<MatricaGraf<bool>::PodaciGrane> >, std::allocator<std::vector<MatricaGraf<bool>::PodaciGrane, std::allocator<MatricaGraf<bool>::PodaciGrane> > > >::_M_fill_insert(__gnu_cxx::__normal_iterator<std::vector<MatricaGraf<bool>::PodaciGrane, std::allocator<MatricaGraf<bool>::PodaciGrane> >*, std::vector<std::vector<MatricaGraf<bool>::PodaciGrane, std::allocator<MatricaGraf<bool>::PodaciGrane> >, std::allocator<std::vector<MatricaGraf<bool>::PodaciGrane, std::allocator<MatricaGraf<bool>::PodaciGrane> > > > >, unsigned long, std::vector<MatricaGraf<bool>::PodaciGrane, std::allocator<MatricaGraf<bool>::PodaciGrane> > const&) (vector.tcc:510)
==21081== 
==21081== Invalid write of size 4
==21081==    at 0x111B68: MatricaGraf<bool>::dodajGranu(int, int, float) (main.cpp:84)
==21081==    by 0x109516: TestMatricaGraf() (main.cpp:262)
==21081==    by 0x10A188: main (main.cpp:357)
==21081==  Address 0x5d80238 is 8 bytes after a block of size 96 alloc'd
==21081==    at 0x4C3017F: operator new(unsigned long) (in /usr/lib/valgrind/vgpreload_memcheck-amd64-linux.so)
==21081==    by 0x10F664: __gnu_cxx::new_allocator<MatricaGraf<bool>::PodaciGrane>::allocate(unsigned long, void const*) (new_allocator.h:111)
==21081==    by 0x10ED29: std::allocator_traits<std::allocator<MatricaGraf<bool>::PodaciGrane> >::allocate(std::allocator<MatricaGraf<bool>::PodaciGrane>&, unsigned long) (alloc_traits.h:436)
==21081==    by 0x10DF27: std::_Vector_base<MatricaGraf<bool>::PodaciGrane, std::allocator<MatricaGraf<bool>::PodaciGrane> >::_M_allocate(unsigned long) (stl_vector.h:172)
==21081==    by 0x10E046: std::_Vector_base<MatricaGraf<bool>::PodaciGrane, std::allocator<MatricaGraf<bool>::PodaciGrane> >::_M_create_storage(unsigned long) (stl_vector.h:187)
==21081==    by 0x10CDC4: std::_Vector_base<MatricaGraf<bool>::PodaciGrane, std::allocator<MatricaGraf<bool>::PodaciGrane> >::_Vector_base(unsigned long, std::allocator<MatricaGraf<bool>::PodaciGrane> const&) (stl_vector.h:138)
==21081==    by 0x1101EA: std::vector<MatricaGraf<bool>::PodaciGrane, std::allocator<MatricaGraf<bool>::PodaciGrane> >::vector(std::vector<MatricaGraf<bool>::PodaciGrane, std::allocator<MatricaGraf<bool>::PodaciGrane> > const&) (stl_vector.h:328)
==21081==    by 0x1106FB: void std::_Construct<std::vector<MatricaGraf<bool>::PodaciGrane, std::allocator<MatricaGraf<bool>::PodaciGrane> >, std::vector<MatricaGraf<bool>::PodaciGrane, std::allocator<MatricaGraf<bool>::PodaciGrane> > const&>(std::vector<MatricaGraf<bool>::PodaciGrane, std::allocator<MatricaGraf<bool>::PodaciGrane> >*, std::vector<MatricaGraf<bool>::PodaciGrane, std::allocator<MatricaGraf<bool>::PodaciGrane> > const&) (stl_construct.h:75)
==21081==    by 0x10FB87: std::vector<MatricaGraf<bool>::PodaciGrane, std::allocator<MatricaGraf<bool>::PodaciGrane> >* std::__uninitialized_fill_n<false>::__uninit_fill_n<std::vector<MatricaGraf<bool>::PodaciGrane, std::allocator<MatricaGraf<bool>::PodaciGrane> >*, unsigned long, std::vector<MatricaGraf<bool>::PodaciGrane, std::allocator<MatricaGraf<bool>::PodaciGrane> > >(std::vector<MatricaGraf<bool>::PodaciGrane, std::allocator<MatricaGraf<bool>::PodaciGrane> >*, unsigned long, std::vector<MatricaGraf<bool>::PodaciGrane, std::allocator<MatricaGraf<bool>::PodaciGrane> > const&) (stl_uninitialized.h:210)
==21081==    by 0x10EFAF: std::vector<MatricaGraf<bool>::PodaciGrane, std::allocator<MatricaGraf<bool>::PodaciGrane> >* std::uninitialized_fill_n<std::vector<MatricaGraf<bool>::PodaciGrane, std::allocator<MatricaGraf<bool>::PodaciGrane> >*, unsigned long, std::vector<MatricaGraf<bool>::PodaciGrane, std::allocator<MatricaGraf<bool>::PodaciGrane> > >(std::vector<MatricaGraf<bool>::PodaciGrane, std::allocator<MatricaGraf<bool>::PodaciGrane> >*, unsigned long, std::vector<MatricaGraf<bool>::PodaciGrane, std::allocator<MatricaGraf<bool>::PodaciGrane> > const&) (stl_uninitialized.h:255)
==21081==    by 0x10E2D7: std::vector<MatricaGraf<bool>::PodaciGrane, std::allocator<MatricaGraf<bool>::PodaciGrane> >* std::__uninitialized_fill_n_a<std::vector<MatricaGraf<bool>::PodaciGrane, std::allocator<MatricaGraf<bool>::PodaciGrane> >*, unsigned long, std::vector<MatricaGraf<bool>::PodaciGrane, std::allocator<MatricaGraf<bool>::PodaciGrane> >, std::vector<MatricaGraf<bool>::PodaciGrane, std::allocator<MatricaGraf<bool>::PodaciGrane> > >(std::vector<MatricaGraf<bool>::PodaciGrane, std::allocator<MatricaGraf<bool>::PodaciGrane> >*, unsigned long, std::vector<MatricaGraf<bool>::PodaciGrane, std::allocator<MatricaGraf<bool>::PodaciGrane> > const&, std::allocator<std::vector<MatricaGraf<bool>::PodaciGrane, std::allocator<MatricaGraf<bool>::PodaciGrane> > >&) (stl_uninitialized.h:366)
==21081==    by 0x10D285: std::vector<std::vector<MatricaGraf<bool>::PodaciGrane, std::allocator<MatricaGraf<bool>::PodaciGrane> >, std::allocator<std::vector<MatricaGraf<bool>::PodaciGrane, std::allocator<MatricaGraf<bool>::PodaciGrane> > > >::_M_fill_insert(__gnu_cxx::__normal_iterator<std::vector<MatricaGraf<bool>::PodaciGrane, std::allocator<MatricaGraf<bool>::PodaciGrane> >*, std::vector<std::vector<MatricaGraf<bool>::PodaciGrane, std::allocator<MatricaGraf<bool>::PodaciGrane> >, std::allocator<std::vector<MatricaGraf<bool>::PodaciGrane, std::allocator<MatricaGraf<bool>::PodaciGrane> > > > >, unsigned long, std::vector<MatricaGraf<bool>::PodaciGrane, std::allocator<MatricaGraf<bool>::PodaciGrane> > const&) (vector.tcc:510)
==21081== 
==21081== 
==21081== HEAP SUMMARY:
==21081==     in use at exit: 0 bytes in 0 blocks
==21081==   total heap usage: 102 allocs, 102 frees, 79,880 bytes allocated
==21081== 
==21081== All heap blocks were freed -- no leaks are possible
==21081== 
==21081== For counts of detected and suppressed errors, rerun with: -v
==21081== ERROR SUMMARY: 8 errors from 8 contexts (suppressed: 0 from 0)
