==12696== Memcheck, a memory error detector
==12696== Copyright (C) 2002-2017, and GNU GPL'd, by Julian Seward et al.
==12696== Using Valgrind-3.13.0 and LibVEX; rerun with -h for copyright info
==12696== Command: /rhome/a/akovacevic4/workspace/ASP/PZ6/Z1/.runme
==12696== Parent PID: 12683
==12696== 
==12696== 
==12696== Process terminating with default action of signal 1 (SIGHUP)
==12696==    at 0x56EF081: read (read.c:27)
==12696==    by 0x566C147: _IO_file_underflow@@GLIBC_2.2.5 (fileops.c:531)
==12696==    by 0x566D3F1: _IO_default_uflow (genops.c:380)
==12696==    by 0x512B89C: __gnu_cxx::stdio_sync_filebuf<char, std::char_traits<char> >::underflow() (in /usr/lib/x86_64-linux-gnu/libstdc++.so.6.0.25)
==12696==    by 0x5139679: std::istream::sentry::sentry(std::istream&, bool) (in /usr/lib/x86_64-linux-gnu/libstdc++.so.6.0.25)
==12696==    by 0x51398AD: std::istream::operator>>(int&) (in /usr/lib/x86_64-linux-gnu/libstdc++.so.6.0.25)
==12696==    by 0x109B12: Program() (main.cpp:228)
==12696==    by 0x109E81: main (main.cpp:278)
==12696== 
==12696== HEAP SUMMARY:
==12696==     in use at exit: 28 bytes in 1 blocks
==12696==   total heap usage: 9 allocs, 8 frees, 82,560 bytes allocated
==12696== 
==12696== LEAK SUMMARY:
==12696==    definitely lost: 0 bytes in 0 blocks
==12696==    indirectly lost: 0 bytes in 0 blocks
==12696==      possibly lost: 0 bytes in 0 blocks
==12696==    still reachable: 28 bytes in 1 blocks
==12696==         suppressed: 0 bytes in 0 blocks
==12696== Reachable blocks (those to which a pointer was found) are not shown.
==12696== To see them, rerun with: --leak-check=full --show-leak-kinds=all
==12696== 
==12696== For counts of detected and suppressed errors, rerun with: -v
==12696== ERROR SUMMARY: 0 errors from 0 contexts (suppressed: 0 from 0)
